2021-01-02 18:45:12,874 INFO o.s.b.StartupInfoLogger [restartedMain] Starting WeatherApiTestApplication on LAPTOP-20J70H0I with PID 22064 (C:\Users\Vikas Yadav\Documents\workspace-spring-tool-suite-4-4.6.0.RELEASE\WeatherAPITest\target\classes started by Vikas Yadav in C:\Users\Vikas Yadav\Documents\workspace-spring-tool-suite-4-4.6.0.RELEASE\WeatherAPITest)
2021-01-02 18:45:12,874 INFO o.s.b.SpringApplication [restartedMain] No active profile set, falling back to default profiles: default
2021-01-02 18:45:12,927 INFO o.s.b.l.DeferredLog [restartedMain] Devtools property defaults active! Set 'spring.devtools.add-properties' to 'false' to disable
2021-01-02 18:45:12,943 INFO o.s.b.l.DeferredLog [restartedMain] For additional web related logging consider setting the 'logging.level.web' property to 'DEBUG'
2021-01-02 18:45:13,967 INFO o.s.b.w.e.t.TomcatWebServer [restartedMain] Tomcat initialized with port(s): 8080 (http)
2021-01-02 18:45:13,981 INFO o.a.j.l.DirectJDKLog [restartedMain] Initializing ProtocolHandler ["http-nio-8080"]
2021-01-02 18:45:13,981 INFO o.a.j.l.DirectJDKLog [restartedMain] Starting service [Tomcat]
2021-01-02 18:45:13,981 INFO o.a.j.l.DirectJDKLog [restartedMain] Starting Servlet engine: [Apache Tomcat/9.0.41]
2021-01-02 18:45:14,032 INFO o.a.j.l.DirectJDKLog [restartedMain] Initializing Spring embedded WebApplicationContext
2021-01-02 18:45:14,033 INFO o.s.b.w.s.c.ServletWebServerApplicationContext [restartedMain] Root WebApplicationContext: initialization completed in 1089 ms
2021-01-02 18:45:14,202 INFO o.s.s.c.ExecutorConfigurationSupport [restartedMain] Initializing ExecutorService 'applicationTaskExecutor'
2021-01-02 18:45:14,350 INFO o.s.b.d.a.OptionalLiveReloadServer [restartedMain] LiveReload server is running on port 35729
2021-01-02 18:45:14,400 INFO o.a.j.l.DirectJDKLog [restartedMain] Starting ProtocolHandler ["http-nio-8080"]
2021-01-02 18:45:14,419 INFO o.s.b.w.e.t.TomcatWebServer [restartedMain] Tomcat started on port(s): 8080 (http) with context path ''
2021-01-02 18:45:14,427 INFO o.s.b.StartupInfoLogger [restartedMain] Started WeatherApiTestApplication in 1.85 seconds (JVM running for 2.399)
2021-01-02 18:45:17,996 INFO o.a.j.l.DirectJDKLog [http-nio-8080-exec-1] Initializing Spring DispatcherServlet 'dispatcherServlet'
2021-01-02 18:45:17,996 INFO o.s.w.s.FrameworkServlet [http-nio-8080-exec-1] Initializing Servlet 'dispatcherServlet'
2021-01-02 18:45:18,002 INFO o.s.w.s.FrameworkServlet [http-nio-8080-exec-1] Completed initialization in 5 ms
2021-01-02 18:45:18,011 INFO c.v.t.w.f.RequestResponseLoggerFilter [http-nio-8080-exec-1] Logging Request  GET : /getReport/zip/94040
2021-01-02 18:45:23,301 INFO c.v.t.w.f.RequestResponseLoggerFilter [http-nio-8080-exec-1] Logging Response :application/json
2021-01-02 18:45:27,480 INFO c.v.t.w.f.RequestResponseLoggerFilter [http-nio-8080-exec-2] Logging Request  GET : /getReport/zip/94040
2021-01-02 18:45:27,489 INFO c.v.t.w.f.RequestResponseLoggerFilter [http-nio-8080-exec-2] Logging Response :application/json
